<?xml version="1.0" encoding="UTF-8"?>
<!-- Generated by org.testng.reporters.JUnitReportReporter -->
<testsuite skipped="0" hostname="DESKTOP-FR4OI0B" name="com.freecrm.uiAutomation.LoginPageTest.TC001_VerifyPageTitle" tests="1" failures="0" timestamp="09 Sep 2018 16:44:34 GMT" time="12.398" errors="0">
  <testcase name="TC001_testLoginPageTitle" time="12.398" classname="com.freecrm.uiAutomation.LoginPageTest.TC001_VerifyPageTitle"/>
</testsuite> <!-- com.freecrm.uiAutomation.LoginPageTest.TC001_VerifyPageTitle -->
