<?xml version="1.0" encoding="UTF-8"?>
<!-- Generated by org.testng.reporters.JUnitReportReporter -->
<testsuite skipped="0" hostname="DESKTOP-FR4OI0B" name="com.freecrm.uiAutomation.ContactsPageTest.TC001_VerifyContactsPageLebel" tests="1" failures="0" timestamp="13 Dec 2017 04:49:05 GMT" time="22.001" errors="0">
  <testcase name="TC001_testContactsPageLebel" time="22.001" classname="com.freecrm.uiAutomation.ContactsPageTest.TC001_VerifyContactsPageLebel"/>
</testsuite> <!-- com.freecrm.uiAutomation.ContactsPageTest.TC001_VerifyContactsPageLebel -->
