<?xml version="1.0" encoding="UTF-8"?>
<!-- Generated by org.testng.reporters.JUnitReportReporter -->
<testsuite skipped="0" hostname="DESKTOP-FR4OI0B" name="com.freecrm.uiAutomation.HomePageTest.TC001_VerifyHomePageTitle" tests="1" failures="0" timestamp="15 Oct 2017 15:55:15 GMT" time="9.304" errors="0">
  <testcase name="TC001_testHomePageTitle" time="9.304" classname="com.freecrm.uiAutomation.HomePageTest.TC001_VerifyHomePageTitle"/>
</testsuite> <!-- com.freecrm.uiAutomation.HomePageTest.TC001_VerifyHomePageTitle -->
