<?xml version="1.0" encoding="UTF-8"?>
<!-- Generated by org.testng.reporters.JUnitReportReporter -->
<testsuite skipped="0" hostname="DESKTOP-FR4OI0B" name="com.freecrm.uiAutomation.NewContactsPageTest.TC001_CreateNewContacts" tests="2" failures="0" timestamp="05 May 2018 10:04:27 GMT" time="67.658" errors="0">
  <testcase name="testCreateNewContacts" time="32.959" classname="com.freecrm.uiAutomation.NewContactsPageTest.TC001_CreateNewContacts"/>
  <testcase name="testCreateNewContacts" time="34.699" classname="com.freecrm.uiAutomation.NewContactsPageTest.TC001_CreateNewContacts"/>
</testsuite> <!-- com.freecrm.uiAutomation.NewContactsPageTest.TC001_CreateNewContacts -->
