<?xml version="1.0" encoding="UTF-8"?>
<!-- Generated by org.testng.reporters.JUnitReportReporter -->
<testsuite skipped="0" hostname="DESKTOP-FR4OI0B" name="com.freecrm.uiAutomation.HomePageTest.TC002_VerifyCreateNewEventFromHomePage" tests="1" failures="0" timestamp="09 Sep 2018 16:44:34 GMT" time="32.448" errors="0">
  <testcase name="TC002_testCreateNewEventFromHomePage" time="32.448" classname="com.freecrm.uiAutomation.HomePageTest.TC002_VerifyCreateNewEventFromHomePage"/>
</testsuite> <!-- com.freecrm.uiAutomation.HomePageTest.TC002_VerifyCreateNewEventFromHomePage -->
