<?xml version="1.0" encoding="UTF-8"?>
<!-- Generated by org.testng.reporters.JUnitReportReporter -->
<testsuite skipped="0" hostname="DESKTOP-FR4OI0B" name="com.freecrm.uiAutomation.NewComapyPageTest.TC001_AddNewCompany" tests="1" failures="0" timestamp="01 Jan 2018 15:40:44 GMT" time="17.286" errors="0">
  <testcase name="testAddnewCompany" time="17.286" classname="com.freecrm.uiAutomation.NewComapyPageTest.TC001_AddNewCompany"/>
</testsuite> <!-- com.freecrm.uiAutomation.NewComapyPageTest.TC001_AddNewCompany -->
