<?xml version="1.0" encoding="UTF-8"?>
<!-- Generated by org.testng.reporters.JUnitReportReporter -->
<testsuite skipped="0" hostname="DESKTOP-FR4OI0B" name="com.freecrm.uiAutomation.HomePageTest.TC001_VerifyHomePageTitle" tests="1" failures="0" timestamp="05 May 2018 10:04:27 GMT" time="9.970" errors="0">
  <testcase name="TC001_testHomePageTitle" time="9.970" classname="com.freecrm.uiAutomation.HomePageTest.TC001_VerifyHomePageTitle"/>
</testsuite> <!-- com.freecrm.uiAutomation.HomePageTest.TC001_VerifyHomePageTitle -->
