<?xml version="1.0" encoding="UTF-8"?>
<!-- Generated by org.testng.reporters.JUnitReportReporter -->
<testsuite skipped="0" hostname="DESKTOP-FR4OI0B" name="com.freecrm.uiAutomation.NewContactsPageTest.TC001_CreateNewContacts" tests="2" failures="0" timestamp="22 Nov 2017 04:19:04 GMT" time="79.222" errors="0">
  <testcase name="TC001_testCreateNewContacts" time="37.087" classname="com.freecrm.uiAutomation.NewContactsPageTest.TC001_CreateNewContacts"/>
  <testcase name="TC001_testCreateNewContacts" time="42.135" classname="com.freecrm.uiAutomation.NewContactsPageTest.TC001_CreateNewContacts"/>
</testsuite> <!-- com.freecrm.uiAutomation.NewContactsPageTest.TC001_CreateNewContacts -->
