<?xml version="1.0" encoding="UTF-8"?>
<!-- Generated by org.testng.reporters.JUnitReportReporter -->
<testsuite skipped="0" hostname="DESKTOP-FR4OI0B" name="com.freecrm.uiAutomation.NewContactsPageTest.TC001_CreateNewContacts" tests="2" failures="0" timestamp="15 Oct 2017 15:55:15 GMT" time="75.616" errors="0">
  <testcase name="TC001_testCreateNewContacts" time="37.218" classname="com.freecrm.uiAutomation.NewContactsPageTest.TC001_CreateNewContacts"/>
  <testcase name="TC001_testCreateNewContacts" time="38.398" classname="com.freecrm.uiAutomation.NewContactsPageTest.TC001_CreateNewContacts"/>
</testsuite> <!-- com.freecrm.uiAutomation.NewContactsPageTest.TC001_CreateNewContacts -->
