<?xml version="1.0" encoding="UTF-8"?>
<!-- Generated by org.testng.reporters.JUnitReportReporter -->
<testsuite skipped="0" hostname="DESKTOP-FR4OI0B" name="com.freecrm.uiAutomation.NewContactsPageTest.TC001_CreateNewContacts" tests="2" failures="0" timestamp="30 Dec 2017 11:31:50 GMT" time="79.629" errors="0">
  <testcase name="TC001_testCreateNewContacts" time="44.511" classname="com.freecrm.uiAutomation.NewContactsPageTest.TC001_CreateNewContacts"/>
  <testcase name="TC001_testCreateNewContacts" time="35.118" classname="com.freecrm.uiAutomation.NewContactsPageTest.TC001_CreateNewContacts"/>
</testsuite> <!-- com.freecrm.uiAutomation.NewContactsPageTest.TC001_CreateNewContacts -->
