<?xml version="1.0" encoding="UTF-8"?>
<!-- Generated by org.testng.reporters.JUnitReportReporter -->
<testsuite skipped="0" hostname="DESKTOP-FR4OI0B" name="com.freecrm.uiAutomation.ContactsPageTest.TC001_VerifyContactsPageLebel" tests="1" failures="0" timestamp="15 Oct 2017 15:55:15 GMT" time="12.292" errors="0">
  <testcase name="TC001_testContactsPageLebel" time="12.292" classname="com.freecrm.uiAutomation.ContactsPageTest.TC001_VerifyContactsPageLebel"/>
</testsuite> <!-- com.freecrm.uiAutomation.ContactsPageTest.TC001_VerifyContactsPageLebel -->
