<?xml version="1.0" encoding="UTF-8"?>
<!-- Generated by org.testng.reporters.JUnitReportReporter -->
<testsuite skipped="0" hostname="DESKTOP-FR4OI0B" name="com.freecrm.uiAutomation.LoginPageTest.LoginTest" tests="1" failures="0" timestamp="07 Oct 2017 08:59:08 GMT" time="14.417" errors="0">
  <testcase name="TC002_testValidLogin" time="14.417" classname="com.freecrm.uiAutomation.LoginPageTest.LoginTest"/>
</testsuite> <!-- com.freecrm.uiAutomation.LoginPageTest.LoginTest -->
