<?xml version="1.0" encoding="UTF-8"?>
<!-- Generated by org.testng.reporters.JUnitReportReporter -->
<testsuite skipped="0" hostname="DESKTOP-FR4OI0B" name="com.freecrm.uiAutomation.LoginPageTest.TC002_VerifyLoginWithValidCredentials" tests="1" failures="0" timestamp="15 Oct 2017 15:55:15 GMT" time="13.569" errors="0">
  <testcase name="TC002_testValidLogin" time="13.569" classname="com.freecrm.uiAutomation.LoginPageTest.TC002_VerifyLoginWithValidCredentials"/>
</testsuite> <!-- com.freecrm.uiAutomation.LoginPageTest.TC002_VerifyLoginWithValidCredentials -->
